<?xml version="1.0" encoding="UTF-8"?>
<!-- Generated by org.testng.reporters.JUnitXMLReporter -->
<testsuite ignored="0" hostname="DESKTOP-THUOFRI" failures="0" tests="4" name="Default test" time="8.805" errors="0" timestamp="2024-01-19T10:45:05 IST">
  <testcase classname="api.test.UserTest" name="testPostUser" time="3.527"/>
  <testcase classname="api.test.UserTest" name="getUser" time="1.141"/>
  <testcase classname="api.test.UserTest" name="UpdateUserByUsername" time="2.64"/>
  <testcase classname="api.test.UserTest" name="DeleteByUsername" time="1.11"/>
</testsuite> <!-- Default test -->
